2026-02-19 21:43:05.219821 UE {'ue_id': 'test_ue_01', 'network': 'test_5g_lab'} RRC SETUP
AUTHENTICATION FAILURE
2026-02-19 21:46:39.959210 UE {'ue_id': 'test_ue_01', 'network': 'test_5g_lab'} RRC SETUP
RRC TIMEOUT
2026-02-19 21:56:53.064770 UE {'ue_id': 'test_ue_01', 'network': 'test_5g_lab'} RRC SETUP
UE ATTACH COMPLETE
2026-02-19 21:56:55.215196 UE UE001 RRC SETUP
RRC TIMEOUT
2026-02-19 21:56:55.216098 UE UE001 RRC SETUP
RRC TIMEOUT
2026-02-19 21:56:55.216880 UE UE001 RRC SETUP
RRC TIMEOUT
2026-02-19 21:58:51.017800 UE {'ue_id': 'test_ue_01', 'network': 'test_5g_lab'} RRC SETUP
AUTHENTICATION FAILURE
2026-02-19 21:58:52.944758 UE UE001 RRC SETUP
UE ATTACH COMPLETE
2026-02-19 22:00:01.519212 UE {'ue_id': 'test_ue_01', 'network': 'test_5g_lab'} RRC SETUP
UE ATTACH COMPLETE
2026-02-19 22:00:03.770668 UE UE001 RRC SETUP
AUTHENTICATION FAILURE
2026-02-19 22:00:03.771121 UE UE001 RRC SETUP
RRC TIMEOUT
2026-02-19 22:00:03.771500 UE UE001 RRC SETUP
UE ATTACH COMPLETE
2026-02-19 22:00:10.247442 UE {'ue_id': 'test_ue_01', 'network': 'test_5g_lab'} RRC SETUP
AUTHENTICATION FAILURE
2026-02-19 22:00:12.227812 UE UE001 RRC SETUP
UE ATTACH COMPLETE
2026-02-19 22:00:20.362458 UE {'ue_id': 'test_ue_01', 'network': 'test_5g_lab'} RRC SETUP
AUTHENTICATION FAILURE
2026-02-19 22:00:22.386627 UE UE001 RRC SETUP
UE ATTACH COMPLETE
2026-02-19 22:01:18.708316 UE {'ue_id': 'test_ue_01', 'network': 'test_5g_lab'} RRC SETUP
UE ATTACH COMPLETE
2026-02-19 22:01:20.571813 UE UE001 RRC SETUP
AUTHENTICATION FAILURE
2026-02-19 22:01:20.572247 UE UE001 RRC SETUP
UE ATTACH COMPLETE
2026-02-19 22:01:24.831944 UE {'ue_id': 'test_ue_01', 'network': 'test_5g_lab'} RRC SETUP
RRC TIMEOUT
2026-02-19 22:01:26.870878 UE UE001 RRC SETUP
AUTHENTICATION FAILURE
2026-02-19 22:01:26.871944 UE UE001 RRC SETUP
AUTHENTICATION FAILURE
2026-02-19 22:01:26.872880 UE UE001 RRC SETUP
RRC TIMEOUT
2026-02-19 22:02:31.114320 UE UE001 RRC SETUP
UE ATTACH COMPLETE
2026-02-19 22:02:33.986475 UE UE001 RRC SETUP
RRC TIMEOUT
2026-02-19 22:02:33.987253 UE UE001 RRC SETUP
AUTHENTICATION FAILURE
2026-02-19 22:02:33.987857 UE UE001 RRC SETUP
RRC TIMEOUT
2026-02-19 22:02:37.128204 UE UE001 RRC SETUP
UE ATTACH COMPLETE
2026-02-19 22:02:38.986253 UE UE001 RRC SETUP
RRC TIMEOUT
2026-02-19 22:02:38.986799 UE UE001 RRC SETUP
AUTHENTICATION FAILURE
2026-02-19 22:02:38.987205 UE UE001 RRC SETUP
AUTHENTICATION FAILURE
2026-02-19 22:41:49.399311 UE UE001 RRC SETUP
UE ATTACH COMPLETE
2026-02-19 22:41:51.551397 UE UE001 RRC SETUP
UE ATTACH COMPLETE
2026-02-19 22:43:56.746136 UE UE001 RRC SETUP
UE ATTACH COMPLETE
2026-02-19 22:43:58.645576 UE UE001 RRC SETUP
RRC TIMEOUT
2026-02-19 22:43:58.646026 UE UE001 RRC SETUP
AUTHENTICATION FAILURE
2026-02-19 22:43:58.646372 UE UE001 RRC SETUP
AUTHENTICATION FAILURE
2026-02-19 22:44:19.093307 UE UE001 RRC SETUP
UE ATTACH COMPLETE
2026-02-19 22:44:21.350761 UE UE001 RRC SETUP
UE ATTACH COMPLETE
2026-02-19 22:44:24.577867 UE UE001 RRC SETUP
UE ATTACH COMPLETE
2026-02-19 22:44:26.521867 UE UE001 RRC SETUP
UE ATTACH COMPLETE
2026-02-19 22:47:23.999565 UE UE001 RRC SETUP
UE ATTACH COMPLETE
2026-02-19 22:47:26.456177 UE UE001 RRC SETUP
AUTHENTICATION FAILURE
2026-02-19 22:47:26.456754 UE UE001 RRC SETUP
RRC TIMEOUT
2026-02-19 22:47:26.457227 UE UE001 RRC SETUP
AUTHENTICATION FAILURE
2026-02-19 22:47:37.808510 UE UE001 RRC SETUP
UE ATTACH COMPLETE
2026-02-19 22:47:41.148407 UE UE001 RRC SETUP
RRC TIMEOUT
2026-02-19 22:47:41.149043 UE UE001 RRC SETUP
RRC TIMEOUT
2026-02-19 22:47:41.149574 UE UE001 RRC SETUP
AUTHENTICATION FAILURE
2026-02-19 22:51:46.714198 UE UE001 RRC SETUP
UE ATTACH COMPLETE
2026-02-19 22:51:46.731450 UE UE001 RRC SETUP
RRC TIMEOUT
2026-02-19 22:51:46.751119 UE UE001 RRC SETUP
AUTHENTICATION FAILURE
2026-02-19 22:51:48.895101 UE UE001 RRC SETUP
UE ATTACH COMPLETE
